<?xml version="1.0" encoding="UTF-8"?>
<!-- Generated by org.testng.reporters.JUnitXMLReporter -->
<testsuite hostname="NehaGokhale" name="Validating Number of Employees" tests="1" failures="1" timestamp="17 Sep 2018 21:13:43 GMT" time="7.843" errors="0">
  <testcase name="@AfterTest teardown" time="0.0" classname="Branch.ValidateNumberOfEmployees">
    <failure type="java.lang.NullPointerException">
      <![CDATA[java.lang.NullPointerException
	at Branch.ValidateNumberOfEmployees.teardown(ValidateNumberOfEmployees.java:113)
... Removed 22 stack frames]]>
    </failure>
  </testcase> <!-- @AfterTest teardown -->
  <testcase name="validateNoOfEmployees" time="0.001" classname="Branch.ValidateNumberOfEmployees">
    <failure type="java.lang.NullPointerException">
      <![CDATA[java.lang.NullPointerException
	at Branch.ValidateNumberOfEmployees.validateNoOfEmployees(ValidateNumberOfEmployees.java:55)
... Removed 24 stack frames]]>
    </failure>
  </testcase> <!-- validateNoOfEmployees -->
</testsuite> <!-- Validating Number of Employees -->
