<?xml version="1.0" encoding="UTF-8"?>
<!-- Generated by org.testng.reporters.JUnitXMLReporter -->
<testsuite hostname="NehaGokhale" name="Validating Alphabetical Order" tests="8" failures="4" timestamp="17 Sep 2018 21:13:22 GMT" time="15.129" errors="0">
  <testcase name="validateAllAlphabeticalOrder" time="2.79" classname="Branch.ValidateAlphabeticalOrder">
    <failure type="java.lang.AssertionError" message="Lists differ at element [0]: AARON LOPEZ != ALEX AUSTIN expected [AARON LOPEZ] but found [ALEX AUSTIN]">
      <![CDATA[java.lang.AssertionError: Lists differ at element [0]: AARON LOPEZ != ALEX AUSTIN expected [AARON LOPEZ] but found [ALEX AUSTIN]
	at Branch.ValidateAlphabeticalOrder.validateAllAlphabeticalOrder(ValidateAlphabeticalOrder.java:67)
... Removed 29 stack frames]]>
    </failure>
  </testcase> <!-- validateAllAlphabeticalOrder -->
  <testcase name="validateDataAlphabeticalOrder" time="0.215" classname="Branch.ValidateAlphabeticalOrder"/>
  <testcase name="validateEngineeringAlphabeticalOrder" time="0.72" classname="Branch.ValidateAlphabeticalOrder">
    <failure type="java.lang.AssertionError" message="Lists differ at element [0]: AARON LOPEZ != ALEX AUSTIN expected [AARON LOPEZ] but found [ALEX AUSTIN]">
      <![CDATA[java.lang.AssertionError: Lists differ at element [0]: AARON LOPEZ != ALEX AUSTIN expected [AARON LOPEZ] but found [ALEX AUSTIN]
	at Branch.ValidateAlphabeticalOrder.validateEngineeringAlphabeticalOrder(ValidateAlphabeticalOrder.java:95)
... Removed 29 stack frames]]>
    </failure>
  </testcase> <!-- validateEngineeringAlphabeticalOrder -->
  <testcase name="validateMarketingAlphabeticalOrder" time="0.257" classname="Branch.ValidateAlphabeticalOrder">
    <failure type="java.lang.AssertionError" message="Lists differ at element [0]: ALEX BAUER != MADA SEGHETE expected [ALEX BAUER] but found [MADA SEGHETE]">
      <![CDATA[java.lang.AssertionError: Lists differ at element [0]: ALEX BAUER != MADA SEGHETE expected [ALEX BAUER] but found [MADA SEGHETE]
	at Branch.ValidateAlphabeticalOrder.validateMarketingAlphabeticalOrder(ValidateAlphabeticalOrder.java:109)
... Removed 29 stack frames]]>
    </failure>
  </testcase> <!-- validateMarketingAlphabeticalOrder -->
  <testcase name="validateOperationsAlphabeticalOrder" time="0.115" classname="Branch.ValidateAlphabeticalOrder"/>
  <testcase name="validatePartnerGrowthAlphabeticalOrder" time="0.913" classname="Branch.ValidateAlphabeticalOrder">
    <failure type="java.lang.AssertionError" message="Lists differ at element [0]: ADAM MICHALSKI != MIKE MOLINET expected [ADAM MICHALSKI] but found [MIKE MOLINET]">
      <![CDATA[java.lang.AssertionError: Lists differ at element [0]: ADAM MICHALSKI != MIKE MOLINET expected [ADAM MICHALSKI] but found [MIKE MOLINET]
	at Branch.ValidateAlphabeticalOrder.validatePartnerGrowthAlphabeticalOrder(ValidateAlphabeticalOrder.java:137)
... Removed 29 stack frames]]>
    </failure>
  </testcase> <!-- validatePartnerGrowthAlphabeticalOrder -->
  <testcase name="validateProductAlphabeticalOrder" time="0.172" classname="Branch.ValidateAlphabeticalOrder"/>
  <testcase name="validateRecruitingAlphabeticalOrder" time="0.112" classname="Branch.ValidateAlphabeticalOrder"/>
</testsuite> <!-- Validating Alphabetical Order -->
