<?xml version="1.0" encoding="UTF-8"?>
<!-- Generated by org.testng.reporters.JUnitXMLReporter -->
<testsuite hostname="NehaGokhale" name="Validating Employee Departments in different tabs" tests="7" failures="7" timestamp="17 Sep 2018 21:13:51 GMT" time="7.929" errors="0">
  <testcase name="@AfterTest teardown" time="0.0" classname="Branch.ValidateEmployeeDepartmentsDataConsistency">
    <failure type="java.lang.NullPointerException">
      <![CDATA[java.lang.NullPointerException
	at Branch.ValidateEmployeeDepartmentsDataConsistency.teardown(ValidateEmployeeDepartmentsDataConsistency.java:203)
... Removed 22 stack frames]]>
    </failure>
  </testcase> <!-- @AfterTest teardown -->
  <testcase name="validateDataEmployeeDepartmentsConsistency" time="0.001" classname="Branch.ValidateEmployeeDepartmentsDataConsistency">
    <failure type="java.lang.NullPointerException">
      <![CDATA[java.lang.NullPointerException
	at pageObjects.BranchTeamPage.getAll(BranchTeamPage.java:24)
	at Branch.ValidateEmployeeDepartmentsDataConsistency.validateDataEmployeeDepartmentsConsistency(ValidateEmployeeDepartmentsDataConsistency.java:62)
... Removed 24 stack frames]]>
    </failure>
  </testcase> <!-- validateDataEmployeeDepartmentsConsistency -->
  <testcase name="validateEngineeringEmployeeDepartmentsConsistency" time="0.0" classname="Branch.ValidateEmployeeDepartmentsDataConsistency">
    <failure type="java.lang.NullPointerException">
      <![CDATA[java.lang.NullPointerException
	at pageObjects.BranchTeamPage.getAll(BranchTeamPage.java:24)
	at Branch.ValidateEmployeeDepartmentsDataConsistency.validateEngineeringEmployeeDepartmentsConsistency(ValidateEmployeeDepartmentsDataConsistency.java:82)
... Removed 24 stack frames]]>
    </failure>
  </testcase> <!-- validateEngineeringEmployeeDepartmentsConsistency -->
  <testcase name="validateMarketingEmployeeDepartmentsConsistency" time="0.0" classname="Branch.ValidateEmployeeDepartmentsDataConsistency">
    <failure type="java.lang.NullPointerException">
      <![CDATA[java.lang.NullPointerException
	at pageObjects.BranchTeamPage.getAll(BranchTeamPage.java:24)
	at Branch.ValidateEmployeeDepartmentsDataConsistency.validateMarketingEmployeeDepartmentsConsistency(ValidateEmployeeDepartmentsDataConsistency.java:102)
... Removed 24 stack frames]]>
    </failure>
  </testcase> <!-- validateMarketingEmployeeDepartmentsConsistency -->
  <testcase name="validateOperationsEmployeeDepartmentsConsistency" time="0.001" classname="Branch.ValidateEmployeeDepartmentsDataConsistency">
    <failure type="java.lang.NullPointerException">
      <![CDATA[java.lang.NullPointerException
	at pageObjects.BranchTeamPage.getAll(BranchTeamPage.java:24)
	at Branch.ValidateEmployeeDepartmentsDataConsistency.validateOperationsEmployeeDepartmentsConsistency(ValidateEmployeeDepartmentsDataConsistency.java:122)
... Removed 24 stack frames]]>
    </failure>
  </testcase> <!-- validateOperationsEmployeeDepartmentsConsistency -->
  <testcase name="validatePartnerGrowthEmployeeDepartmentsConsistency" time="0.0" classname="Branch.ValidateEmployeeDepartmentsDataConsistency">
    <failure type="java.lang.NullPointerException">
      <![CDATA[java.lang.NullPointerException
	at pageObjects.BranchTeamPage.getAll(BranchTeamPage.java:24)
	at Branch.ValidateEmployeeDepartmentsDataConsistency.validatePartnerGrowthEmployeeDepartmentsConsistency(ValidateEmployeeDepartmentsDataConsistency.java:142)
... Removed 24 stack frames]]>
    </failure>
  </testcase> <!-- validatePartnerGrowthEmployeeDepartmentsConsistency -->
  <testcase name="validateProductEmployeeDepartmentsConsistency" time="0.0" classname="Branch.ValidateEmployeeDepartmentsDataConsistency">
    <failure type="java.lang.NullPointerException">
      <![CDATA[java.lang.NullPointerException
	at pageObjects.BranchTeamPage.getAll(BranchTeamPage.java:24)
	at Branch.ValidateEmployeeDepartmentsDataConsistency.validateProductEmployeeDepartmentsConsistency(ValidateEmployeeDepartmentsDataConsistency.java:163)
... Removed 24 stack frames]]>
    </failure>
  </testcase> <!-- validateProductEmployeeDepartmentsConsistency -->
  <testcase name="validateRecruitingEmployeeDepartmentsConsistency" time="0.001" classname="Branch.ValidateEmployeeDepartmentsDataConsistency">
    <failure type="java.lang.NullPointerException">
      <![CDATA[java.lang.NullPointerException
	at pageObjects.BranchTeamPage.getAll(BranchTeamPage.java:24)
	at Branch.ValidateEmployeeDepartmentsDataConsistency.validateRecruitingEmployeeDepartmentsConsistency(ValidateEmployeeDepartmentsDataConsistency.java:184)
... Removed 24 stack frames]]>
    </failure>
  </testcase> <!-- validateRecruitingEmployeeDepartmentsConsistency -->
</testsuite> <!-- Validating Employee Departments in different tabs -->
