<?xml version="1.0" encoding="UTF-8"?>
<!-- Generated by org.testng.reporters.JUnitXMLReporter -->
<testsuite hostname="NehaGokhale" name="Validating Employee Names" tests="7" failures="0" timestamp="17 Sep 2018 21:13:35 GMT" time="13.2" errors="0">
  <testcase name="validateDataEmployeeNames" time="0.527" classname="Branch.ValidateEmployeeNames"/>
  <testcase name="validateEngineeringEmployeeNames" time="0.975" classname="Branch.ValidateEmployeeNames"/>
  <testcase name="validateMarketingEmployeeNames" time="0.333" classname="Branch.ValidateEmployeeNames"/>
  <testcase name="validateOperationsEmployeeNames" time="0.27" classname="Branch.ValidateEmployeeNames"/>
  <testcase name="validatePartnerGrowthEmployeeNames" time="0.989" classname="Branch.ValidateEmployeeNames"/>
  <testcase name="validateProductEmployeeNames" time="0.214" classname="Branch.ValidateEmployeeNames"/>
  <testcase name="validateRecruitingEmployeeNames" time="0.19" classname="Branch.ValidateEmployeeNames"/>
</testsuite> <!-- Validating Employee Names -->
