<?xml version="1.0" encoding="UTF-8"?>
<!-- Generated by org.testng.reporters.JUnitXMLReporter -->
<testsuite hostname="NehaGokhale" name="Validating Employee Description" tests="1" failures="1" timestamp="17 Sep 2018 21:13:07 GMT" time="15.346" errors="0">
  <testcase name="validateEmployeeDescriptionIsNotNull" time="2.236" classname="Branch.ValidateEmployeeDescription">
    <failure type="java.lang.AssertionError" message="Description is missing for some employees. Their Names are printed in the console. expected [true] but found [false]">
      <![CDATA[java.lang.AssertionError: Description is missing for some employees. Their Names are printed in the console. expected [true] but found [false]
	at Branch.ValidateEmployeeDescription.validateEmployeeDescriptionIsNotNull(ValidateEmployeeDescription.java:75)
... Removed 27 stack frames]]>
    </failure>
  </testcase> <!-- validateEmployeeDescriptionIsNotNull -->
</testsuite> <!-- Validating Employee Description -->
